<?xml version="1.0" encoding="windows-1252"?>

<beans xmlns="http://www.springframework.org/schema/beans"
       xmlns:xsi="http://www.w3.org/2001/XMLSchema-instance" xmlns:tx="http://www.springframework.org/schema/tx"
       xmlns:task="http://www.springframework.org/schema/task"
       xsi:schemaLocation="http://www.springframework.org/schema/beans
           http://www.springframework.org/schema/beans/spring-beans-3.1.xsd
           http://www.springframework.org/schema/tx
           http://www.springframework.org/schema/tx/spring-tx-3.1.xsd
           http://www.springframework.org/schema/task
           http://www.springframework.org/schema/task/spring-task-3.0.xsd">

    <tx:annotation-driven transaction-manager="txManager"/>
    <task:annotation-driven/>

    <bean id="propertyConfigurer" class="org.springframework.beans.factory.config.PropertyPlaceholderConfigurer">
        <property name="locations">
            <list>
                <value>classpath:test-connection.properties</value>
            </list>
        </property>
    </bean>

    <bean id="dbNameGenerator" class="org.bounswe2015.group9.universal_access.daos.utils.DbNameGenerator"/>

    <bean id="dbName"
          class="java.lang.String"
          factory-bean="dbNameGenerator"
          factory-method="generateDbName"/>

    <bean id="testDataSource"
          class="org.springframework.jdbc.datasource.DriverManagerDataSource">
        <property name="driverClassName" value="${jdbc.driverClassName}"/>
        <property name="url" value="${jdbc.url}?createDatabaseIfNotExist=true&amp;rewriteBatchedStatements=true"/>
        <property name="username" value="${jdbc.username}"/>
        <property name="password" value="${jdbc.password}"/>
        <property name="connectionProperties">
            <map>
                <entry key="DBNAME" value-ref="dbName"/>
            </map>
        </property>
    </bean>

    <bean id="sessionFactory"
          class="org.springframework.orm.hibernate4.LocalSessionFactoryBean">
        <property name="dataSource" ref="testDataSource"/>
        <property name="packagesToScan" value="org.bounswe2015.group9.universal_access.entities"/>
        <property name="hibernateProperties">
            <props>
                <prop key="hibernate.dialect">org.hibernate.dialect.MySQLDialect</prop>
                <prop key="hibernate.show_sql">true</prop>
            </props>
        </property>
    </bean>

    <bean id="txManager"
          class="org.springframework.orm.hibernate4.HibernateTransactionManager">
        <property name="sessionFactory" ref="sessionFactory"/>
    </bean>

    <!--Daos-->
    <bean id="userDao" class="org.bounswe2015.group9.universal_access.daos.impl.UserDaoImpl"/>
</beans>
